# JRE version: OpenJDK Runtime Environment (8.0_152-b01) (build 1.8.0_152-release-1248-b01)
# Java VM: OpenJDK 64-Bit Server VM (25.152-b01 mixed mode windows-amd64 compressed oops)
Heap:
 PSYoungGen      total 269824K, used 193711K [0x00000000e0000000, 0x00000000f7580000, 0x0000000100000000)
  eden space 230912K, 67% used [0x00000000e0000000,0x00000000e97331f8,0x00000000ee180000)
  from space 38912K, 99% used [0x00000000ee180000,0x00000000f0778b90,0x00000000f0780000)
  to   space 56832K, 0% used [0x00000000f3e00000,0x00000000f3e00000,0x00000000f7580000)
 ParOldGen       total 198144K, used 95160K [0x00000000a0000000, 0x00000000ac180000, 0x00000000e0000000)
  object space 198144K, 48% used [0x00000000a0000000,0x00000000a5cee1c8,0x00000000ac180000)
 Metaspace       used 84741K, capacity 87760K, committed 88064K, reserved 1126400K
  class space    used 11024K, capacity 11677K, committed 11776K, reserved 1048576K
GC Heap History (10 events):
Event: 11.213 GC heap before
{Heap before GC invocations=10 (full 2):
 PSYoungGen      total 172032K, used 138682K [0x00000000e0000000, 0x00000000ef480000, 0x0000000100000000)
  eden space 158720K, 78% used [0x00000000e0000000,0x00000000e7a719f0,0x00000000e9b00000)
  from space 13312K, 99% used [0x00000000e9b00000,0x00000000ea7fce80,0x00000000ea800000)
  to   space 17408K, 0% used [0x00000000ee380000,0x00000000ee380000,0x00000000ef480000)
 ParOldGen       total 129024K, used 24004K [0x00000000a0000000, 0x00000000a7e00000, 0x00000000e0000000)
  object space 129024K, 18% used [0x00000000a0000000,0x00000000a1771058,0x00000000a7e00000)
 Metaspace       used 57339K, capacity 58904K, committed 59008K, reserved 1099776K
  class space    used 7823K, capacity 8263K, committed 8320K, reserved 1048576K
Event: 11.245 GC heap after
Heap after GC invocations=10 (full 2):
 PSYoungGen      total 228352K, used 17403K [0x00000000e0000000, 0x00000000f0200000, 0x0000000100000000)
  eden space 210944K, 0% used [0x00000000e0000000,0x00000000e0000000,0x00000000ece00000)
  from space 17408K, 99% used [0x00000000ee380000,0x00000000ef47ec10,0x00000000ef480000)
  to   space 22016K, 0% used [0x00000000ece00000,0x00000000ece00000,0x00000000ee380000)
 ParOldGen       total 129024K, used 29266K [0x00000000a0000000, 0x00000000a7e00000, 0x00000000e0000000)
  object space 129024K, 22% used [0x00000000a0000000,0x00000000a1c94a50,0x00000000a7e00000)
 Metaspace       used 57339K, capacity 58904K, committed 59008K, reserved 1099776K
  class space    used 7823K, capacity 8263K, committed 8320K, reserved 1048576K
}
Event: 11.245 GC heap before
{Heap before GC invocations=11 (full 3):
 PSYoungGen      total 228352K, used 17403K [0x00000000e0000000, 0x00000000f0200000, 0x0000000100000000)
  eden space 210944K, 0% used [0x00000000e0000000,0x00000000e0000000,0x00000000ece00000)
  from space 17408K, 99% used [0x00000000ee380000,0x00000000ef47ec10,0x00000000ef480000)
  to   space 22016K, 0% used [0x00000000ece00000,0x00000000ece00000,0x00000000ee380000)
 ParOldGen       total 129024K, used 29266K [0x00000000a0000000, 0x00000000a7e00000, 0x00000000e0000000)
  object space 129024K, 22% used [0x00000000a0000000,0x00000000a1c94a50,0x00000000a7e00000)
 Metaspace       used 57339K, capacity 58904K, committed 59008K, reserved 1099776K
  class space    used 7823K, capacity 8263K, committed 8320K, reserved 1048576K
Event: 11.475 GC heap after
Heap after GC invocations=11 (full 3):
 PSYoungGen      total 228352K, used 0K [0x00000000e0000000, 0x00000000f0200000, 0x0000000100000000)
  eden space 210944K, 0% used [0x00000000e0000000,0x00000000e0000000,0x00000000ece00000)
  from space 17408K, 0% used [0x00000000ee380000,0x00000000ee380000,0x00000000ef480000)
  to   space 22016K, 0% used [0x00000000ece00000,0x00000000ece00000,0x00000000ee380000)
 ParOldGen       total 198144K, used 36330K [0x00000000a0000000, 0x00000000ac180000, 0x00000000e0000000)
  object space 198144K, 18% used [0x00000000a0000000,0x00000000a237a948,0x00000000ac180000)
 Metaspace       used 57339K, capacity 58904K, committed 59008K, reserved 1099776K
  class space    used 7823K, capacity 8263K, committed 8320K, reserved 1048576K
}
Event: 18.917 GC heap before
{Heap before GC invocations=12 (full 3):
 PSYoungGen      total 228352K, used 210944K [0x00000000e0000000, 0x00000000f0200000, 0x0000000100000000)
  eden space 210944K, 100% used [0x00000000e0000000,0x00000000ece00000,0x00000000ece00000)
  from space 17408K, 0% used [0x00000000ee380000,0x00000000ee380000,0x00000000ef480000)
  to   space 22016K, 0% used [0x00000000ece00000,0x00000000ece00000,0x00000000ee380000)
 ParOldGen       total 198144K, used 36330K [0x00000000a0000000, 0x00000000ac180000, 0x00000000e0000000)
  object space 198144K, 18% used [0x00000000a0000000,0x00000000a237a948,0x00000000ac180000)
 Metaspace       used 66339K, capacity 68046K, committed 68352K, reserved 1107968K
  class space    used 8897K, capacity 9350K, committed 9472K, reserved 1048576K
Event: 18.944 GC heap after
Heap after GC invocations=12 (full 3):
 PSYoungGen      total 232960K, used 22013K [0x00000000e0000000, 0x00000000f2200000, 0x0000000100000000)
  eden space 210944K, 0% used [0x00000000e0000000,0x00000000e0000000,0x00000000ece00000)
  from space 22016K, 99% used [0x00000000ece00000,0x00000000ee37f550,0x00000000ee380000)
  to   space 27136K, 0% used [0x00000000f0780000,0x00000000f0780000,0x00000000f2200000)
 ParOldGen       total 198144K, used 40778K [0x00000000a0000000, 0x00000000ac180000, 0x00000000e0000000)
  object space 198144K, 20% used [0x00000000a0000000,0x00000000a27d28d8,0x00000000ac180000)
 Metaspace       used 66339K, capacity 68046K, committed 68352K, reserved 1107968K
  class space    used 8897K, capacity 9350K, committed 9472K, reserved 1048576K
}
Event: 28.470 GC heap before
{Heap before GC invocations=13 (full 3):
 PSYoungGen      total 232960K, used 232957K [0x00000000e0000000, 0x00000000f2200000, 0x0000000100000000)
  eden space 210944K, 100% used [0x00000000e0000000,0x00000000ece00000,0x00000000ece00000)
  from space 22016K, 99% used [0x00000000ece00000,0x00000000ee37f550,0x00000000ee380000)
  to   space 27136K, 0% used [0x00000000f0780000,0x00000000f0780000,0x00000000f2200000)
 ParOldGen       total 198144K, used 40778K [0x00000000a0000000, 0x00000000ac180000, 0x00000000e0000000)
  object space 198144K, 20% used [0x00000000a0000000,0x00000000a27d28d8,0x00000000ac180000)
 Metaspace       used 77129K, capacity 79588K, committed 79616K, reserved 1118208K
  class space    used 10172K, capacity 10745K, committed 10752K, reserved 1048576K
Event: 28.519 GC heap after
Heap after GC invocations=13 (full 3):
 PSYoungGen      total 258048K, used 27110K [0x00000000e0000000, 0x00000000f3580000, 0x0000000100000000)
  eden space 230912K, 0% used [0x00000000e0000000,0x00000000e0000000,0x00000000ee180000)
  from space 27136K, 99% used [0x00000000f0780000,0x00000000f21f9970,0x00000000f2200000)
  to   space 38912K, 0% used [0x00000000ee180000,0x00000000ee180000,0x00000000f0780000)
 ParOldGen       total 198144K, used 62599K [0x00000000a0000000, 0x00000000ac180000, 0x00000000e0000000)
  object space 198144K, 31% used [0x00000000a0000000,0x00000000a3d21e98,0x00000000ac180000)
 Metaspace       used 77129K, capacity 79588K, committed 79616K, reserved 1118208K
  class space    used 10172K, capacity 10745K, committed 10752K, reserved 1048576K
}
Event: 31.911 GC heap before
{Heap before GC invocations=14 (full 3):
 PSYoungGen      total 258048K, used 255414K [0x00000000e0000000, 0x00000000f3580000, 0x0000000100000000)
  eden space 230912K, 98% used [0x00000000e0000000,0x00000000edef4008,0x00000000ee180000)
  from space 27136K, 99% used [0x00000000f0780000,0x00000000f21f9970,0x00000000f2200000)
  to   space 38912K, 0% used [0x00000000ee180000,0x00000000ee180000,0x00000000f0780000)
 ParOldGen       total 198144K, used 62599K [0x00000000a0000000, 0x00000000ac180000, 0x00000000e0000000)
  object space 198144K, 31% used [0x00000000a0000000,0x00000000a3d21e98,0x00000000ac180000)
 Metaspace       used 79741K, capacity 82264K, committed 82560K, reserved 1120256K
  class space    used 10468K, capacity 11035K, committed 11136K, reserved 1048576K
Event: 31.992 GC heap after
Heap after GC invocations=14 (full 3):
 PSYoungGen      total 269824K, used 38882K [0x00000000e0000000, 0x00000000f7580000, 0x0000000100000000)
  eden space 230912K, 0% used [0x00000000e0000000,0x00000000e0000000,0x00000000ee180000)
  from space 38912K, 99% used [0x00000000ee180000,0x00000000f0778b90,0x00000000f0780000)
  to   space 56832K, 0% used [0x00000000f3e00000,0x00000000f3e00000,0x00000000f7580000)
 ParOldGen       total 198144K, used 95160K [0x00000000a0000000, 0x00000000ac180000, 0x00000000e0000000)
  object space 198144K, 48% used [0x00000000a0000000,0x00000000a5cee1c8,0x00000000ac180000)
 Metaspace       used 79741K, capacity 82264K, committed 82560K, reserved 1120256K
  class space    used 10468K, capacity 11035K, committed 11136K, reserved 1048576K
}

