# JRE version: OpenJDK Runtime Environment (8.0_152-b01) (build 1.8.0_152-release-1248-b01)
# Java VM: OpenJDK 64-Bit Server VM (25.152-b01 mixed mode windows-amd64 compressed oops)
Heap:
 PSYoungGen      total 458240K, used 203910K [0x00000000e0000000, 0x00000000ffa00000, 0x0000000100000000)
  eden space 401408K, 45% used [0x00000000e0000000,0x00000000eb415478,0x00000000f8800000)
  from space 56832K, 34% used [0x00000000fc280000,0x00000000fd58c738,0x00000000ffa00000)
  to   space 58368K, 0% used [0x00000000f8800000,0x00000000f8800000,0x00000000fc100000)
 ParOldGen       total 186368K, used 60033K [0x00000000a0000000, 0x00000000ab600000, 0x00000000e0000000)
  object space 186368K, 32% used [0x00000000a0000000,0x00000000a3aa0620,0x00000000ab600000)
 Metaspace       used 96945K, capacity 101016K, committed 101160K, reserved 1136640K
  class space    used 12151K, capacity 12969K, committed 13096K, reserved 1048576K
GC Heap History (10 events):
Event: 475.826 GC heap before
{Heap before GC invocations=22 (full 4):
 PSYoungGen      total 455168K, used 6333K [0x00000000e0000000, 0x00000000ffe00000, 0x0000000100000000)
  eden space 388608K, 0% used [0x00000000e0000000,0x00000000e0000000,0x00000000f7b80000)
  from space 66560K, 9% used [0x00000000fbc80000,0x00000000fc2af6e0,0x00000000ffd80000)
  to   space 66560K, 0% used [0x00000000f7b80000,0x00000000f7b80000,0x00000000fbc80000)
 ParOldGen       total 186368K, used 152429K [0x00000000a0000000, 0x00000000ab600000, 0x00000000e0000000)
  object space 186368K, 81% used [0x00000000a0000000,0x00000000a94db5f8,0x00000000ab600000)
 Metaspace       used 94813K, capacity 98446K, committed 98600K, reserved 1134592K
  class space    used 11949K, capacity 12726K, committed 12840K, reserved 1048576K
Event: 476.003 GC heap after
Heap after GC invocations=22 (full 4):
 PSYoungGen      total 455168K, used 0K [0x00000000e0000000, 0x00000000ffe00000, 0x0000000100000000)
  eden space 388608K, 0% used [0x00000000e0000000,0x00000000e0000000,0x00000000f7b80000)
  from space 66560K, 0% used [0x00000000fbc80000,0x00000000fbc80000,0x00000000ffd80000)
  to   space 66560K, 0% used [0x00000000f7b80000,0x00000000f7b80000,0x00000000fbc80000)
 ParOldGen       total 186368K, used 54951K [0x00000000a0000000, 0x00000000ab600000, 0x00000000e0000000)
  object space 186368K, 29% used [0x00000000a0000000,0x00000000a35a9f70,0x00000000ab600000)
 Metaspace       used 94759K, capacity 98312K, committed 98600K, reserved 1134592K
  class space    used 11929K, capacity 12693K, committed 12840K, reserved 1048576K
}
Event: 485.053 GC heap before
{Heap before GC invocations=23 (full 4):
 PSYoungGen      total 455168K, used 388312K [0x00000000e0000000, 0x00000000ffe00000, 0x0000000100000000)
  eden space 388608K, 99% used [0x00000000e0000000,0x00000000f7b36278,0x00000000f7b80000)
  from space 66560K, 0% used [0x00000000fbc80000,0x00000000fbc80000,0x00000000ffd80000)
  to   space 66560K, 0% used [0x00000000f7b80000,0x00000000f7b80000,0x00000000fbc80000)
 ParOldGen       total 186368K, used 54951K [0x00000000a0000000, 0x00000000ab600000, 0x00000000e0000000)
  object space 186368K, 29% used [0x00000000a0000000,0x00000000a35a9f70,0x00000000ab600000)
 Metaspace       used 95392K, capacity 98996K, committed 99368K, reserved 1136640K
  class space    used 11991K, capacity 12741K, committed 12840K, reserved 1048576K
Event: 485.066 GC heap after
Heap after GC invocations=23 (full 4):
 PSYoungGen      total 416768K, used 27796K [0x00000000e0000000, 0x00000000ff900000, 0x0000000100000000)
  eden space 388608K, 0% used [0x00000000e0000000,0x00000000e0000000,0x00000000f7b80000)
  from space 28160K, 98% used [0x00000000f7b80000,0x00000000f96a53b0,0x00000000f9700000)
  to   space 62976K, 0% used [0x00000000fbb80000,0x00000000fbb80000,0x00000000ff900000)
 ParOldGen       total 186368K, used 54959K [0x00000000a0000000, 0x00000000ab600000, 0x00000000e0000000)
  object space 186368K, 29% used [0x00000000a0000000,0x00000000a35abf70,0x00000000ab600000)
 Metaspace       used 95392K, capacity 98996K, committed 99368K, reserved 1136640K
  class space    used 11991K, capacity 12741K, committed 12840K, reserved 1048576K
}
Event: 485.276 GC heap before
{Heap before GC invocations=24 (full 4):
 PSYoungGen      total 416768K, used 415757K [0x00000000e0000000, 0x00000000ff900000, 0x0000000100000000)
  eden space 388608K, 99% used [0x00000000e0000000,0x00000000f7ade388,0x00000000f7b80000)
  from space 28160K, 98% used [0x00000000f7b80000,0x00000000f96a53b0,0x00000000f9700000)
  to   space 62976K, 0% used [0x00000000fbb80000,0x00000000fbb80000,0x00000000ff900000)
 ParOldGen       total 186368K, used 54959K [0x00000000a0000000, 0x00000000ab600000, 0x00000000e0000000)
  object space 186368K, 29% used [0x00000000a0000000,0x00000000a35abf70,0x00000000ab600000)
 Metaspace       used 95406K, capacity 98996K, committed 99368K, reserved 1136640K
  class space    used 11991K, capacity 12741K, committed 12840K, reserved 1048576K
Event: 485.282 GC heap after
Heap after GC invocations=24 (full 4):
 PSYoungGen      total 455680K, used 16687K [0x00000000e0000000, 0x0000000100000000, 0x0000000100000000)
  eden space 392704K, 0% used [0x00000000e0000000,0x00000000e0000000,0x00000000f7f80000)
  from space 62976K, 26% used [0x00000000fbb80000,0x00000000fcbcbda0,0x00000000ff900000)
  to   space 61440K, 0% used [0x00000000f7f80000,0x00000000f7f80000,0x00000000fbb80000)
 ParOldGen       total 186368K, used 54959K [0x00000000a0000000, 0x00000000ab600000, 0x00000000e0000000)
  object space 186368K, 29% used [0x00000000a0000000,0x00000000a35abf70,0x00000000ab600000)
 Metaspace       used 95406K, capacity 98996K, committed 99368K, reserved 1136640K
  class space    used 11991K, capacity 12741K, committed 12840K, reserved 1048576K
}
Event: 849.098 GC heap before
{Heap before GC invocations=25 (full 4):
 PSYoungGen      total 455680K, used 409391K [0x00000000e0000000, 0x0000000100000000, 0x0000000100000000)
  eden space 392704K, 100% used [0x00000000e0000000,0x00000000f7f80000,0x00000000f7f80000)
  from space 62976K, 26% used [0x00000000fbb80000,0x00000000fcbcbda0,0x00000000ff900000)
  to   space 61440K, 0% used [0x00000000f7f80000,0x00000000f7f80000,0x00000000fbb80000)
 ParOldGen       total 186368K, used 54959K [0x00000000a0000000, 0x00000000ab600000, 0x00000000e0000000)
  object space 186368K, 29% used [0x00000000a0000000,0x00000000a35abf70,0x00000000ab600000)
 Metaspace       used 96410K, capacity 100216K, committed 100520K, reserved 1136640K
  class space    used 12112K, capacity 12899K, committed 12968K, reserved 1048576K
Event: 849.106 GC heap after
Heap after GC invocations=25 (full 4):
 PSYoungGen      total 454144K, used 6976K [0x00000000e0000000, 0x00000000ffe80000, 0x0000000100000000)
  eden space 392704K, 0% used [0x00000000e0000000,0x00000000e0000000,0x00000000f7f80000)
  from space 61440K, 11% used [0x00000000f7f80000,0x00000000f8650070,0x00000000fbb80000)
  to   space 61440K, 0% used [0x00000000fc280000,0x00000000fc280000,0x00000000ffe80000)
 ParOldGen       total 186368K, used 56480K [0x00000000a0000000, 0x00000000ab600000, 0x00000000e0000000)
  object space 186368K, 30% used [0x00000000a0000000,0x00000000a3728058,0x00000000ab600000)
 Metaspace       used 96410K, capacity 100216K, committed 100520K, reserved 1136640K
  class space    used 12112K, capacity 12899K, committed 12968K, reserved 1048576K
}
Event: 856.985 GC heap before
{Heap before GC invocations=26 (full 4):
 PSYoungGen      total 454144K, used 399156K [0x00000000e0000000, 0x00000000ffe80000, 0x0000000100000000)
  eden space 392704K, 99% used [0x00000000e0000000,0x00000000f7efd040,0x00000000f7f80000)
  from space 61440K, 11% used [0x00000000f7f80000,0x00000000f8650070,0x00000000fbb80000)
  to   space 61440K, 0% used [0x00000000fc280000,0x00000000fc280000,0x00000000ffe80000)
 ParOldGen       total 186368K, used 56480K [0x00000000a0000000, 0x00000000ab600000, 0x00000000e0000000)
  object space 186368K, 30% used [0x00000000a0000000,0x00000000a3728058,0x00000000ab600000)
 Metaspace       used 96543K, capacity 100390K, committed 100520K, reserved 1136640K
  class space    used 12116K, capacity 12906K, committed 12968K, reserved 1048576K
Event: 857.004 GC heap after
Heap after GC invocations=26 (full 4):
 PSYoungGen      total 458240K, used 19505K [0x00000000e0000000, 0x00000000ffa00000, 0x0000000100000000)
  eden space 401408K, 0% used [0x00000000e0000000,0x00000000e0000000,0x00000000f8800000)
  from space 56832K, 34% used [0x00000000fc280000,0x00000000fd58c738,0x00000000ffa00000)
  to   space 58368K, 0% used [0x00000000f8800000,0x00000000f8800000,0x00000000fc100000)
 ParOldGen       total 186368K, used 60033K [0x00000000a0000000, 0x00000000ab600000, 0x00000000e0000000)
  object space 186368K, 32% used [0x00000000a0000000,0x00000000a3aa0620,0x00000000ab600000)
 Metaspace       used 96543K, capacity 100390K, committed 100520K, reserved 1136640K
  class space    used 12116K, capacity 12906K, committed 12968K, reserved 1048576K
}

